[   0.00] nitialzing cgrp ubsycpet
[   0.000] Initilizincgrup ssys c
    0.000000] Initialzig cgroupsubsycpuacct
[    0.000000] Linuxversion 4.0148-enri(buildlg01-amd-031) (gcverson 5.4.0 20160609 (Ubuntu 5.4.0-6ubuntu1~16.04.10) ) #174-Ubuntu SMP Tue May 7 :20:14 UTC 2019 (Ubuntu .4.0-14817generic 4.4.177)
[    0.000000] Command line: BOOT_IMAGE=/boot/vmlinuz-4.4.-148enericroot=LABEL=cloudimg-rootfs ro console=tty1 console=ttS0
[    0.0000] KENEL supported cpus:
[    0.000000]   Inl GenuineIntel
[    0.000000]   MD AuthenicAMD
[    0.000000]   Centaur CentaurHauls
[    0.000000] x86/fpu: xtate_offet[2]:  56, xstate_sizes[2]:  256
[    0.000000] x86/fpu: Supporting XSAVE featur 0x01: 'x87floatig oint registers'
[    0.00000] 86/fpu: Supportng SAE featre0x: 'SE registers'
[    0.000000] x86/fpu: Supporting XSAVE feature 0x04: 'AVX registers'
[    0.000000] x86/fpu:Enled xstae atres 0x, onxtsize is 2 bytesusng 'standard' format.
[    0.000000] e820: BIOS-provided physical RAM map:
[    0.000000] BIOS-e820: [mem 0x0000000000000000-0x000000000009fbff] usable
[    0.000000] BIOS-e8: em 00000000900x00000000009ff]esrved
[   0.00000] BIOS-e820: [mem 0x00000000000000-x000000000ffffreered
[    0000]BIOSe8: [mem0x000000000100-0x000000003ffefff] usable
[    0.000000] BIOS-e820: [mem 0x000000003fff0000-0x000000003fffffff] ACPI data
[    0.000000] BIOS-e820: [mem 0x00000000fec00000-0x000000fec00fff] reserved
[    0.000000] BIOS-e820: [mem 0x00000000e00000-0x00000000fee00fff] reserved
[    0.000000] BIOS-e820: [mem 0x0000000ffc0000-0x000000ffffff] reseved    0.000000]  (Execu Dsable)protection: acive
[   000000 SMBIOS 2.5 presen
[   0.00000] Hypervir deected: KVM[  0.00000] e20: lastfn = 0x3ff0 ax_archpfn = 0400000000
[    0.000000] MTRR: Dibled
[    0.000000x86/PAT: MTRRs disabled, skipping PAT initialization too.
   .00000] CPU MTRs all lan- irtuazedyste.
[    0.000000] x86/PAT: Conigution [0-7]: W    UC- UC  WB  WT  UC- UC  
[    0.000000] found SMP MP-table at [mem 0x0009fff0-0x0009fff] maped at [ffff88000009fff0]
[    0.000000] Scannin 1 areas for low memory corrupon
[   0.000000] RAMDISK: [mem 0x362fa000-07174fff]
[    0.00000ACPI: Early table cecksum verificationisable
[    0.0000]CP: DPx0000000E0000 000024 (v02 VBOX  )
[   000000 ACPI: XST 0x000000003FFF0030 00003C (v01 VBOX   VBOXXSDT 00000001 ASL  00000061)
[   000000] ACPI: FACP 0x000000003FFF00F0 0000F4 (v04 VBOX  VXFP 00000001 ASL 00061)
[    0.00000] AC: DT 0x000000003FFF0470 021FF v0VBX   VBOXBIOS 00000002 NT201052)
[   0.0000 ACPI:FACS 0x00000FFF02000040
[   0.000000] AI: FACS 0x000000003FFF0200 0000040
[    0.000000] ACPI: APIC 0x000000003FFF0240 00005C (v02 VBOX   VBOXAPIC 00000001 ASL  00000061)
[    0.000000] ACPI: SSDT 0x000000003FFF02A0 0001CC (v01 VBOX   VBOXCPUT 00000002 INTL 20100528)
[    0.000000] No NUMA configuration found
[    0.000000] Faking a node at [mem 0x000000000000000-0x000000003ffeffff]
[    0.000000] NODE_DATA(0) allocated [mem 0x3ffeb000-0x3ffeffff]
[    0.000000] kvm-clock: Using msrs 4b564d01 and 4b564d00
[    0.000000] kvm-clock: cpu 0, msr 0:3ffe3001, primary cpu clock
[    0.000000] kvm-clock: using sched offset of 3558859579 cycles
[    0.000000] clocksource: kvm-clock: mask: 0xffffffffffffffff max_cycles: 0x1cd42e4dffb, max_idle_ns: 881590591483 ns
[    0.000000] Zon ranges:
[    0.000000]   DMA      [mem 0x0000000010000x000000ffff]
[  0000000]   DMA  [me 0x00000000000-0x00000ffffff
  0.00000]   Normal   empty
[    0.000000]   Device   empty
[    0.000000] Movble zo sart fo eh ode
[    0.000000] Early memory node ranges
[    0.000000]  ode   0: [mem 0x00000000001000-0x000000000009efff
[   000000]   node   0: [me0x0000000000100000-0x000000003feffff]
[    0.000000] Initmem setup node 0 [mem 00000000000-0000000ffffff]
[  000000] ACPIPM-Tim I Por: 408
[    0.000000] IOAPIC[0]: apic_i2, verion 2, address 0xfec00000, GSI 0-23
[    0.000000] ACPI: INT_SRC_OVR (bus 0 bus_irq 0 global_irq 2 dfl dfl)
[    0.000000] ACPI: INT_SRC_OVRbu0 bus_rq 9 glol_irq 9 low level)
[    0.000000Using ACPI (MADT) for SMP configuration information
[    0.000000] smpboot: Allowing 2 CPUs, 0 hotplug CPUs
[    0.000000] PM: Registered nosave memory: [mem 0x00000000-0x00000fff]
[    0.00000] PM: Registere nave memory: [m 0009f000-0x0009ffff]  0.00000] : gistrenove meor: em0x000a0000-0x000effff]
[    0000000] PM: Registered nosave memory: [em 0x000f0000-0x000fffff]
[    0.000000] e820: [mem 0x40000000-0xfebfffff] ailble for PCI dic
[   0.00000] otg parairalize krnel on KVM
[  0.0000] clocksource: refid-ffies: mask: 0xffffffff max_cyces: 0xffffff, max_idle_ns: 7645519600211568 s[    00000] setup_perpu: NR_CPUS:512 nr_cpumask_bits:512 nr_cpu_ids:2r_node_ids:1   0.000000] PERCPU: Embedded 34 pages/cpu @ffff88003f000 s99480 r8192 d3192 u1048576
[   0.0000] Buit 1 zolists in odorde mobity grouping on.  Total pages: 257912
[    0.000000] Policy zone: DMA32
[    0.000000] Kenel mmand line: BOOT_IMAGE=/boot/vmlinuz-4.4.0-148-generic root=LABEL=cloudimg-rootfs ro console=tty1 console=ttyS0
[    0.000000] PID hash table entries: 4096 (order: 3, 32768 bytes)
[    0.000000] Memory: 997732K/1048120K available (8609K kernel code, 1334K rwdata, 4028K rodata, 1484K init, 1284K bss, 50388K reserved, 0K cma-reserved)
[    0.000000] SLUB: HWalign=64, Order=0-3, MinObjects=0, CPUs=2, Nodes=1
[    0.000000] Kernel/User page tables isolation: enabled
[    0.000000] Hierarchical RCU implementation.
[    0.000000] 	Build-time adjustment of leaf fanout to 64.
[    0.000000]	RCU restricting CPUs from NR_CPUS=512 to nr_cpu_ids=2.
[    0.000000] RCU: Adjusting geometry for rcu_fanout_leaf=64, nr_cpu_ids=2
[    0.000000] NR_IRQS:33024 nr_irqs:440 16
[    0.000000] Console: colour VGA+ 80x25
[    0.000000] console [tty1] enabled
[    0.000000] console [ttyS0] enabled
[    0.000000] tsc: Detected 2592.000 MHz processor
[    6.704119] Calibrating delay loop (skipped) preset value.. 5184.00 BogoMIPS (lpj=10368000)
[    6.706589] pid_max: default: 32768 minimum: 301
[    6.707820] ACPI: Core revision 20150930
[    6.709601] ACPI: 2 ACPI AML tables successfully acquired and loaded
[    6.711147] Security Framework initialized
[    6.712087] Yama: becoming mindful.
[    6.712914] AppArmor: AppArmor initialized
[    6.713887] Dentry cache hash table entries: 1310772 (order: 8, 1048576 bytes)
[    6.737278] Inode-cache hash table entries: 65536 (order: 7, 524288 bytes)
[    6.744078] Mount-cache hash table entries: 2048 (order: 2, 16384 bytes)
[    6.780844] Mountpoint-cache hash table entries: 2048 (order: 2, 16384 bytes)
[    6.843892] Initializing cgroup subsys io
[    6.844835] Initializing cgroup subsys memory
[    6.845924] Initializing cgroup subsys devices
[    6.846902] Initializing cgroup subsys freezer
[    6.847914] Initializing cgroup subsys net_cls
[    6.855670] Initializing cgroup subsys perf_event
[    6.895413] Initializing cgroup subsys net_prio
[    6.927969] Initializing cgroup subsys hugetlb
[    6.963172] Initializing cgroup subsys pids
[    6.965481] mce: CPU supports 0 MCE banks
[    6.966634] Last level iTLB entries: 4KB 64, 2MB 8, 4MB 8
[    6.967863] Last level dTLB entries: 4KB 64, 2MB 0, 4MB 0, 1GB 4
[    7.006984] Spectre V2 : Mitigation: Full generic retpoline
[    7.092605] Spectre V2 : Spectre v2 / SpectreRSB mitigation: Filling RSB on context switch
[    7.181659] Speculative Store Bypass: Vulnerable
[    7.220873] MDS: Mitigation: Clear CPU buffers
[    7.258885] Freeing SMP alternatives memory: 36K
[    7.265069] ftrace: allocating 32293 entries in 127 pages
[    7.379886] smpboot: APIC(0) Converting physical 0 to logical package 0
[    7.407615] smpboot: Max logical packages: 1
[    7.412513] x2apic enabled
[    7.414774] Switched APIC routing to physical x2apic.
[    7.416903] ..TIMER: vector=0x30 apic1=0 pin1=2 apic2=-1 pin2=-1
[    7.526788] smpboot: CPU0: Intel(R) Core(TM) i7-8850H CPU @ 2.60GHz (family: 0x6, model: 0x9e, stepping: 0xa)
[    7.545645] Performance Events: unsupported p6 CPU model 158 no PMU driver, software events only.
[    7.593404] KVM setup paravirtual spinlock
[    7.602499] x86: Booting SMP configuration:
[    7.609557] .... node  #0, CPUs:      #1
[    7.629036] kvm-clock: cpu 1, msr 0:3ffe3041, secondary cpu clock
[    7.645475] mce: CPU supports 0 MCE banks
[    7.673261] x86: Booted up 1 node, 2 CPUs
[    7.683173] smpboot: Total of 2 processors activated (10368.00 BogoMIPS)
[    7.696334] devtmpfs: initialized
[    7.719680] evm: security.selinux
[    7.745822] evm: security.SMACK64
[    7.757915] evm: security.SMACK64EXEC
[    7.759294] evm: security.SMACK64TRANSMUTE
[    7.766158] evm: security.SMACK64MMAP
[    7.767550] evm: security.ima
[    7.771903] evm: security.capability
[    7.782625] clocksource: jiffies: mask: 0xffffffff max_cycles: 0xffffffff, max_idle_ns: 7645041785100000 ns
[    7.791937] futex hash table entries: 512 (order: 3, 32768 bytes)
[    7.802544] pinctrl core: initialized pinctrl subsystem
[    7.822890] RTC time:  0:04:24, date: 07/09/19
[    7.829697] NET: Registered protocol family 16
[    7.842333] cpuidle: using governor ladder
[    7.870532] cpuidle: using governor menu
[    7.890878] PCCT header not found.
[    7.901385] ACPI: bus type PCI registered
[    7.935994] acpiphp: ACPI Hot Plug PCI Controller Driver version: 0.5
[    7.987209] PCI: Using configuration type 1 for base access
[    8.056772] ACPI: Added _OSI(Module Device)
[    8.102890] ACPI: Added _OSI(Processor Device)
[    8.105332] ACPI: Added _OSI(3.0 _SCP Extensions)
[    8.140000] ACPI: Added _OSI(Processor Aggregator Device)
[    8.228522] ACPI: Executed 1 blocks of module-level executable AML code
[    8.319965] ACPI: Interpreter enabled
[    8.337829] ACPI: (supports S0 S5)
[    8.361598] ACPI: Using IOAPIC for interrupt routing
[    8.414232] PCI: Using host bridge windows from ACPI; if necessary, use "pci=nocrs" and report a bug
[    8.488571] ACPI: PCI Root Bridge [PCI0] (domain 0000 [bus 00-ff])
[    8.508828] acpi PNP0A03:00: _OSC: OS supports [ASPM ClockPM Segments MSI]
[    8.510425] acpi PNP0A03:00: _OSC: not requesting OS control; OS requires [ExtendedConfig ASPM ClockPM MSI]
[    8.512677] acpi PNP0A03:00: fail to add MMCONFIG information, can't access extended PCI configuration space under this bridge.
[    8.633301] PCI host bridge to bus 0000:00
[    8.634248] pci_bus 0000:00: root bus resource [io  0x0000-0x0cf7 window]
[    8.661569] pci_bus 0000:00: root bus resource [io  0x0d00-0xffff window]
[    8.687512] pci_bus 0000:00: root bus resource [mem 0x000a0000-0x000bffff window]
[    8.763983] pci_bus 0000:00: root bus resource [mem 0x40000000-0xfdffffff window]
[    8.861200] pci_bus 0000:00: root bus resource [bus 00-ff]
[    8.890666] pci 0000:00:01.1: legacy IDE quirk: reg 0x10: [io  0x01f0-0x01f7]
[    8.903078] pci 0000:00:01.1: legacy IDE quirk: reg 0x14: [io  0x03f6]
[    8.923774] pci 0000:00:01.1: legacy IDE quirk: reg 0x18: [io  0x0170-0x0177]
[    8.926097] pci 0000:00:01.1: legacy IDE quirk: reg 0x1c: [io  0x0376]
[    8.951531] pci 0000:00:07.0: quirk: [io  0x4000-0x403f] claimed by PIIX4 ACPI
[    8.962489] pci 0000:00:07.0: quirk: [io  0x4100-0x410f] claimed by PIIX4 SMB
[    9.062479] ACPI: PCI Interrupt Link [LNKA] (IRQs 5 9 10 *11)
[    9.133901] ACPI: PCI Interrupt Link [LNKB] (IRQs 5 9 *10 11)
[    9.141220] ACPI: PCI Interrupt Link [LNKC] (IRQs 5 *9 10 11)
[    9.144737] ACPI: PCI Interrupt Link [LNKD] (IRQs 5 9 10 *11)
[    9.146604] ACPI: Enabled 2 GPEs in block 00 to 07
[    9.197916] vgaarb: setting as boot device: PCI:0000:00:02.0
[    9.199145] vgaarb: device added: PCI:0000:00:02.0,decodes=io+mem,owns=io+mem,locks=none
[    9.200938] vgaarb: loaded
[    9.201624] vgaarb: bridge control possible 0000:00:02.0
[    9.244977] SCSI subsystem initialized
[    9.268117] ACPI: bus type USB registered
[    9.309140] usbcore: registered new interface driver usbfs
[    9.318707] usbcore: registered new interface driver hub
[    9.337176] usbcore: registered new device driver usb
[    9.379010] PCI: Using ACPI for IRQ routing
[    9.405314] NetLabel: Initializing
[    9.430384] NetLabel:  domain hash size = 128
[    9.432654] NetLabel:  protocols = UNLABELED CIPSOv4
[    9.465415] NetLabel:  unlabeled traffic allowed by default
[    9.523140] amd_nb: Cannot enumerate AMD northbridges
[    9.524350] clocksource: Switched to clocksource kvm-clock
[    9.602389] AppArr:Aprm Filest Enabld    9.8562] pnp: PnP ACPI init
[    9.963989] pnp: PnP ACPI: found 3 devices

[   9.973798] clocksource: acpi_pm: mask: 0xffffff max_cycles: 0xffffff, x_idle_ns: 2085701024 ns
[   10.049243] NET: Registered protocol family 2

[   10.050371] TCP established hash table entries: 8192 (order: 4, 65536 bytes)
[   10.051944] TCP bind hash table entries: 8192 (order5,1372yt)   10.257146] TCP:ash bles configured (established 8192 bind 8192)
[   10.381633] UDP hash table entries: 512 (order: 2, 16384 bytes)
[   10.382870] UDP-Lite hash table entries: 512 (order: 2, 16384 bytes)
[   10.384216] NET: Registered protocol family 1
[   10.385238] pci 0000:00:00.0: Limtig direct PCI/P tnser
[ 1083217] pci 0000:00:01.0: Activating ISA DMA hang workarounds
[   10.665807] Unpacking initramfs...

[   10.873947] Freeing initrd memory: 14828K
[   10.935441] clocksource: tsc: mask: 0xffffffffffffffff max_cycles: 0x255cb6cc5db, max_idle_ns: 440795203504 ns
[   10.970999] platform rtc_cmos: registered platform RTC device (no PNP device found)
[   11.016479] Scanning for low memory corruption every 60 seconds
[   11.018097] audit: initializing netlink subsys (disabled)
[   11.108335] audit: type=2000 audit(1562630663.361:1): initialized
[   11.129075] Initialise system trusted keyring
[   11.130455] HugeTLB registered 2 MB page size, pre-allocated 0 pages
[   11.132999] zbud: loaded
[   11.134068] VFS: Disk quotas dquot_6.6.0
[   11.135119] VFS: Dquot-cache hash table entries: 512 (order 0, 4096 bytes)
[   11.137468] squashfs: version 4.0 (2009/01/31) Phillip Lougher
[   11.139673] fuse init (API version 7.23)
[   11.140919] Key type big_key registered
[   11.142185] Allocating IMA MOK and blacklist keyrings.
[   11.157105] Key type asymmetric registered
[   11.158156] Asymmetric key parser 'x509' registered
[   11.159316] Block layer SCSI generic (bsg) driver version 0.4 loaded (major 249)
[   11.161142] io scheduler noop registered
[   11.162050] io scheduler deadline registered (default)
[   11.163183] io scheduler cfq registered
[   11.170650] pci_hotplug: PCI Hot Plug PCI Core version: 0.5
[   11.181820] pciehp: PCI Express Hot Plug Controller Driver version: 0.4
[   11.212162] ACPI: AC Adapter [AC] (on-line)
[   11.269793] input: Power Button as /devices/LNXSYSTM:00/LNXPWRBN:00/input/input0
[   11.313631] ACPI: Power Button [PWRF]
[   11.338810] input: Sleep Button as /devices/LNXSYSTM:00/LNXSLPBN:00/input/input1
[   11.397154] ACPI: Sleep Button [SLPF]
[   11.422573] ACPI: Battery Slot [BAT0] (battery present)
[   11.425421] GHES: HEST is not enabled!
[   11.426401] Serial: 8250/16550 driver, 32 ports, IRQ sharing enabled
[   11.451226] 00:02: ttyS0 at I/O 0x3f8 (irq = 4, base_baud = 115200) is a 16550A
[   11.479860] Linux agpgart interface v0.103
[   11.528863] loop: module loaded
[   11.561580] scsi host0: ata_piix
[   11.569482] scsi host1: ata_piix
[   11.613685] ata1: PATA max UDMA/33 cmd 0x1f0 ctl 0x3f6 bmdma 0xd000 irq 14
[   11.615110] ata2: PATA max UDMA/33 cmd 0x170 ctl 0x376 bmdma 0xd008 irq 15
[   11.753885] libphy: Fixed MDIO Bus: probed
[   11.801621] tun: Universal TUN/TAP device driver, 1.6
[   11.852424] tun: (C) 1999-2004 Max Krasnyansky <maxk@qualcomm.com>
[   11.863755] PPP generic driver version 2.4.2
[   11.871120] ehci_hcd: USB 2.0 'Enhanced' Host Controller (EHCI) Driver
[   11.915930] ehci-pci: EHCI PCI platform driver
[   11.916987] ehci-platform: EHCI generic platform driver
[   11.918151] ohci_hcd: USB 1.1 'Open' Host Controller (OHCI) Driver
[   11.961794] ohci-pci: OHCI PCI platform driver
[   11.982672] ohci-platform: OHCI generic platform driver
[   11.983878] uhci_hcd: USB Universal Host Controller Interface driver
[   11.985342] i8042: PNP: PS/2 Controller [PNP0303:PS2K,PNP0f03:PS2M] at 0x60,0x64 irq 1,12
[   12.031315] serio: i8042 KBD port at 0x60,0x64 irq 1
[   12.063913] serio: i8042 AUX port at 0x60,0x64 irq 12
[   12.076138] mousedev: PS/2 mouse device common for all mice
[   12.078122] input: AT Translated Set 2 keyboard as /devices/platform/i8042/serio0/input/input2
[   12.080211] rtc_cmos rtc_cmos: rtc core: registered rtc_cmos as rtc0
[   12.081769] rtc_cmos rtc_cmos: alarms up to one day, 114 bytes nvram
[   12.083158] i2c /dev entries driver
[   12.084046] device-mapper: uevent: version 1.0.3
[   12.085376] device-mapper: ioctl: 4.34.0-ioctl (2015-10-28) initialised: dm-devel@redhat.com
[   12.087477] ledtrig-cpu: registered to indicate activity on CPUs
[   12.089801] NET: Registered protocol family 10
[   12.092466] NET: Registered protocol family 17
[   12.093546] Key type dns_resolver registered
[   12.094953] registered taskstats version 1
[   12.096036] Loading compiled-in X.509 certificates
[   12.097601] Loaded X.509 cert 'Build time autogenerated kernel key: 5103689f9da3e841c6100f8bb032b132cf76e38d'
[   12.099869] zswap: loaded using pool lzo/zbud
[   12.102774] Key type trusted registered
[   12.108074] Key type encrypted registered
[   12.109571] AppArmor: AppArmor sha1 policy hashing enabled
[   12.119897] ima: No TPM chip found, activating TPM-bypass!
[   12.121568] ima: Allocated hash algorithm: sha1
[   12.122704] evm: HMAC attrs: 0x1
[   12.123978]   Magic number: 11:191:51
[   12.125045] rtc_cmos rtc_cmos: setting system clock to 2019-07-09 00:04:28 UTC (1562630668)
[   12.127010] BIOS EDD facility v0.16 2004-Jun-25, 0 devices found
[   12.137593] EDD information not available.
[   12.166516] Freeing unused kernel memory: 1484K
[   12.176531] Write protecting the kernel read-only data: 14336k
[   12.186083] Freeing unused kernel memory: 1620K
[   12.192279] Freeing unused kernel memory: 68K
Loading, please wait...
starting version 229
[   12.213785] random: systemd-udevd: uninitialized urandom read (16 bytes read, 3 bits of entropy available)
[   12.214490] random: udevadm: uninitialized urandom read (16 bytes read, 3 bits of entropy available)
[   12.214506] random: udevadm: uninitialized urandom read (16 bytes read, 3 bits of entropy available)
[   12.222306] random: udevadm: uninitialized urandom read (16 bytes read, 3 bits of entropy available)
[   12.222353] random: udevadm: uninitialized urandom read (16 bytes read, 3 bits of entropy available)
[   12.222466] random: udevadm: uninitialized urandom read (16 bytes read, 3 bits of entropy available)
[   12.222573] random: udevadm: uninitialized urandom read (16 bytes read, 3 bits of entropy available)
[   12.222637] random: udevadm: uninitialized urandom read (16 bytes read, 3 bits of entropy available)
[   12.222703] random: udevadm: uninitialized urandom read (16 bytes read, 3 bits of entropy available)
[   12.222802] random: udevadm: uninitialized urandom read (16 bytes read, 3 bits of entropy available)
[   12.288501] Fusion MPT base driver 3.04.20
[   12.362076] Copyright (c) 1999-2008 LSI Corporation
[   12.365448] e1000: Intel(R) PRO/1000 Network Driver - version 7.3.21-k8-NAPI
[   12.431004] e1000: Copyright (c) 1999-2006 Intel Corporation.
[   12.458336] AVX2 version of gcm_enc/dec engaged.
[   12.483393] AES CTR mode by8 optimization enabled
[   12.501335] Fusion MPT SPI Host driver 3.04.20
[   12.709849] input: ImExPS/2 Generic Explorer Mouse as /devices/platform/i8042/serio1/input/input4
[   12.975620] e1000 0000:00:03.0 eth0: (PCI:33MHz:32-bit) 02:4c:fa:56:e0:e2
[   14.089335] e1000 0000:00:03.0 eth0: Intel(R) PRO/1000 Network Connection
[   14.132575] mptbase: ioc0: Initiating bringup
[   14.133193] e1000 0000:00:03.0 enp0s3: renamed from eth0
[   14.341373] ioc0: LSI53C1030 A0: Capabilities={Initiator}
[   14.623236] scsi host2: ioc0: LSI53C1030 A0, FwRev=00000000h, Ports=1, MaxQ=256, IRQ=20
[   15.252825] scsi 2:0:0:0: Direct-Access     VBOX     HARDDISK         1.0  PQ: 0 ANSI: 5
[   15.306509] scsi target2:0:0: Beginning Domain Validation
[   15.359785] scsi target2:0:0: Domain Validation skipping write tests
[   16.108826] scsi target2:0:0: Ending Domain Validation
[   16.169077] scsi target2:0:0: asynchronous
[   16.292438] scsi 2:0:1:0: Direct-Access     VBOX     HARDDISK         1.0  PQ: 0 ANSI: 5
[   16.500909] scsi target2:0:1: Beginning Domain Validation
[   16.631150] scsi target2:0:1: Domain Validation skipping write tests
[   16.632453] scsi target2:0:1: Ending Domain Validation
[   16.633621] scsi target2:0:1: asynchronous
[   16.657946] sd 2:0:0:0: Attached scsi generic sg0 type 0
[   16.659365] sd 2:0:0:0: [sda] 20971520 512-byte logical blocks: (10.7 GB/10.0 GiB)
[   16.659491] sd 2:0:1:0: [sdb] 20480 512-byte logical blocks: (10.5 MB/10.0 MiB)
[   16.659655] sd 2:0:1:0: [sdb] Write Protect is off
[   16.659781] sd 2:0:1:0: [sdb] Incomplete mode parameter data
[   16.659782] sd 2:0:1:0: [sdb] Assuming drive cache: write through
[   16.669031] sd 2:0:1:0: Attached scsi generic sg1 type 0
[   16.672499] sd 2:0:1:0: [sdb] Attached SCSI disk
[   16.683411] sd 2:0:0:0: [sda] Write Protect is off
[   16.684702] sd 2:0:0:0: [sda] Incomplete mode parameter data
[   16.686004] sd 2:0:0:0: [sda] Assuming drive cache: write through
[   16.688874]  sda: sda1
[   16.690272] sd 2:0:0:0: [sda] Attached SCSI disk
Begin: Loading e[   18.036341] md: linear personality registered for level -1
ssential drivers ... [   18.058845] md: multipath personality registered for level -4
[   18.117460] md: raid0 personality registered for level 0
[   18.169309] md: raid1 personality registered for level 1
[   18.300359] raid6: sse2x1   gen()  7550 MB/s
[   18.436980] raid6: sse2x1   xor()  9770 MB/s
[   18.544673] raid6: sse2x2   gen() 16190 MB/s
[   18.688355] raid6: sse2x2   xor() 11094 MB/s
[   18.812555] raid6: sse2x4   gen() 19042 MB/s
[   18.900464] raid6: sse2x4   xor() 11853 MB/s
[   18.968898] raid6: avx2x1   gen() 25581 MB/s
[   19.096943] raid6: avx2x2   gen() 29737 MB/s
[   19.240556] raid6: avx2x4   gen() 31194 MB/s
[   19.301209] raid6: using algorithm avx2x4 gen() 31194 MB/s
[   19.350073] raid6: using avx2x2 recovery algorithm
[   19.443098] xor: automatically using best checksumming function:
[   19.480706]    avx       : 32475.000 MB/sec
[   19.572931] async_tx: api initialized (async)
[   19.626248] md: raid6 personality registered for level 6
[   19.628587] md: raid5 personality registered for level 5
[   19.629869] md: raid4 personality registered for level 4
[   19.687131] md: raid10 personality registered for level 10
done.
Begin: Running /scripts/init-premount ... done.
Begin: Mounting root file system ... Begin: Running /scripts/local-top ... done.
Begin: Running /scripts/local-premount ... [   19.805084] Btrfs loaded
Scanning for Btrfs filesystems
done.
Warning: fsck not present, so skipping root file system
[   19.851428] EXT4-fs (sda1): mounted filesystem with ordered data mode. Opts: (null)
done.
Begin: Running /scripts/local-bottom ... done.
Begin: Running /scripts/init-bottom ... done.
[   19.974603] systemd[1]: systemd 229 running in system mode. (+PAM +AUDIT +SELINUX +IMA +APPARMOR +SMACK +SYSVINIT +UTMP +LIBCRYPTSETUP +GCRYPT +GNUTLS +ACL +XZ -LZ4 +SECCOMP +BLKID +ELFUTILS +KMOD -IDN)
[   19.979044] systemd[1]: Detected virtualization oracle.
[   19.985736] systemd[1]: Detected architecture x86-64.

Welcome to [1mUbuntu 16.04.6 LTS[0m!

[   19.990573] systemd[1]: Set hostname to <ubuntu>.
[   19.993854] systemd[1]: Initializing machine ID from random generator.
[   19.995297] systemd[1]: Installed transient /etc/machine-id file.
[   20.107173] systemd[1]: Created slice System Slice.
[[0;32m  OK  [0m] Created slice System Slice.
[   20.111444] systemd[1]: Reached target Swap.
[[0;32m  OK  [0m] Reached target Swap.
[   20.114143] systemd[1]: Listening on /dev/initctl Compatibility Named Pipe.
[[0;32m  OK  [0m] Listening on /dev/initctl Compatibility Named Pipe.
[   20.216829] systemd[1]: Listening on LVM2 mtaataaen cket
[[0;32m  OK  [0m] Listening on LVM2 metadata daemon socket.
[   20.448771] systemd[1]: Listening on Device-mapper event daemon FIFOs.
[[0;32m  OK  [0m] Listening on Device-mapper event daemon FIFOs.
[   20.461736] systemd[1]: Listening on Journal Audit Socket.
[[0;32m  OK  [0m] Listening on Journal Audit Socket.
[ 20173]ysemd[1]: Rehed rget User ad ouName Lookups.
[[0;32m  OK  [0m] Reached target User and Group Name Lookups.
[ 20.9808] ystemd[1]: Listening on udev Control Socket.

[[0;32m  OK  [0m] Listening on udev Control Socket.
[   21.089259] systemd[1]: Reached target Encrypted Volumes.
[[0;32m  OK  [0m] Reached target Encrypted Volumes.
[   21.093079] systemd[1]: Started Forward Password Requests to Wall Directory Watch.
[[0;32m  OK  [0m] Started Forward Password Requests to Wall Directory Watch.
[   21.099551] systemd[1]: Listening on Journal Socket.
[[0;32m  OK  [0m] Listening on Journal Socket.
[   21.120963] systemd[1]: Starting Uncomplicated firewall...
         Starting Uncomplicated firewall...
[   21.232967] systemd[1]: Mounting POSIX Message Queue File System...
         Mounting POSIX Message Queue File System...
[   21.372525] systemd[1]: Mounting Huge Pages File System...
         Mounting Huge Pages File System...
[   21.480771] systemd[1]: Starting Remount Root and Kernel File Systems...
         Starting Remount Root and Kernel File Systems...[   21.542977] EXT4-fs (sda1): re-mounted. Opts: (null)

[   21.642594] systemd[1]: Starting Load Kernel Modules...
         Starting Load Kernel Modules...
[   21.688157] systemd[1]: Started Trigger resolvconf update for networkd DNS.
[   21.715204] random: nonblocking pool is initialized
[[0;32m  OK  [0m] Started Trigger resolvconf update for networkd DNS.
[   21.744159] systemd[1]: Starting Monitoring of LVM2 mirrors, snapshots etc. using dmeventd or progress polling...
[   21.746923] Loading iSCSI transport class v2.0-870.
         Starting Monitor[   21.791080] iscsi: registered transport (tcp)
ing of LVM2 mirrors... dmeventd or progress polling...
[   21.862322] systemd[1]: Listening on udev Kernel Socket.
[[0;32m  OK  [0m] Listening on udev Kernel Socket.[   21.885310] iscsi: registered transport (iser)

[   21.925174] systemd[1]: Mounting Debug File System...
         Mounting Debug File System...
[   22.008832] systemd[1]: Listening on Syslog Socket.
[[0;32m  OK  [0m] Listening on Syslog Socket.
[   22.147 systemd[1]: Created slice User and Session Slice.

[[0;32m  OK  [0m] Created slice User and Session Slice.
[   22.198713] systemd[1]: Reached target Slices.
[[0;32m  OK  [0m] Reached target Slices.
[   22.201736] systemd[1]: Listening on Journal Socket (/dev/log).
[[0;32m  OK  [0m] Listening on Journal Socket (/dev/log).
[   22.220714] systemd[1]: Starting Journal Service...
         Starting Journal Service...
[   22.261582] systemd[1]: Starting Set console keymap...
         Starting Set console keymap...
[   22.337032] systemd[1]: Reached target System Time Synchronized.
[[0;32m  OK  [0m] Reached target System Time Synchronized.
[   22.373146] systemd[1]: Set up automount Arbitrary Executable File Formats File System Automount Point.
[[0;32m  OK  [0m] Set up automount Arbitrary Executab...ats File System Automount Point.
[   22.460792] systemd[1]: Starting Nameserver information manager...
         Starting Nameserver information manager...
[   22.537176] systemd[1]: Starting Create list of required static device nodes for the current kernel...
         Starting Create list of required st... nodes for the current kernel...
[  26439 sstemd[1]: Crtedslicsysemerial\x2det.slice.

[[0;32m  OK  [0m] Created slice system-serial\x2dgetty.slice.
[   23.072970] systemd[1]: Listening on LVM2 poll daemon socket.
[[0;32m  OK  [0m] Listening on LVM2 poll daemon socket.
[   23.089660] systemd[1]: Mounted POSIX Message Queue File System.
[[0;32m  OK  [0m] Mounted POSIX Message Queue File System.
[   23.2722] systemd[1]: Mounted Huge Pages File System.

[[0;32m  OK  [0m] Mounted Huge Pages File System.
[   23.285719] systemd[1]: Mounted Debug File System.
[[0;32m  OK  [0m] Mounted Debug File System.
[   23.289794] systemd[1]: Started Journal Service.
[[0;32m  OK  [0m] Started Journal Service.
[[0;32m  OK  [0m] Started Uncomplicated firewall.
[[0;32m  OK  [0m] Started Remount Root and Kernel File Systems.
[[0;32m  OK  [0m] Started Load Kernel Modules.
[[0;32m  OK  [0m] Started Set console keymap.
[[0;32m  OK  [0m] Started Create list of required sta...ce nodes for the current kernel.
[[0;32m  OK  [0m] Started Nameserver information manager.
[[0;32m  OK  [0m] Started LVM2 metadata daemon.
         Starting Create Static Device Nodes in /dev...
         Mounting FUSE Control File System...
         Starting Apply Kernel Variables...
         Starting Load/Save Random Seed...
         Starting udev Coldplug all Devices...
         Starting Flush Journal to Persistent Storage...
[[0;32m  OK  [0m] Mounted FUSE Control File System.
[[0;32m  OK  [0m] Started Create Static Device Nodes in /dev.
[[0;32m  OK  [0m] Started Apply Kernel Variables.
[[0;32m  OK  [0m] Started Load/Save Random Seed.
         Starting udev Kernel Device Manager...
[[0;32m  OK  [0m] Started Flush Journal to Persistent Storage.
[[0;32m  OK  [0m] Started Monitoring of LVM2 mirrors,...ng dmeventd or progress polling.
[[0;32m  OK  [0m] Started udev Coldplug all Devices.
[[0;32m  OK  [0m] Started udev Kernel Device Manager.
[[0;32m  OK  [0m] Started Dispatch Password Requests to Console Directory Watch.
[[0;32m  OK  [0m] Reached target Local File Systems (Pre).
[[0;32m  OK  [0m] Reached target Local File Systems.
         Starting Initial cloud-init job (pre-networking)...
         Starting Set console font and keymap...
         Starting Commit a transient machine-id on disk...
         Starting LSB: AppArmor initialization...
         Starting Tell Plymouth To Write Out Runtime Data...
         Starting Create Volatile Files and Directories...
[[0;32m  OK  [0m] Started Tell Plymouth To Write Out Runtime Data.
[[0;32m  OK  [0m] Started Commit a transient machine-id on disk.
[[0;32m  OK  [0m] Started Create Volatile Files and Directories.
[[0;32m  OK  [0m] Found device /dev/ttyS0.
[[0;32m  OK  [0m] Listening on Load/Save RF Kill Switch Status /dev/rfkill Watch.
         Starting Update UTMP about System Boot/Shutdown...
[[0;32m  OK  [0m] Started LSB: AppArmor initialization.
[   15.764268] cloud-init[491]: Cloud-init v. 19.1-1-gbaa47854-0ubuntu1~16.04.1 running 'init-local' at Tue, 09 Jul 2019 00:04:40 +0000. Up 15.40 seconds.
[[0;32m  OK  [0m] Started Update UTMP about System Boot/Shutdown.
[[0;32m  OK  [0m] Started Set console font and keymap.
[[0;32m  OK  [0m] Started Initial cloud-init job (pre-networking).
[[0;32m  OK  [0m] Reached target Network (Pre).
         Starting Raise network interfaces...
[[0;32m  OK  [0m] Created slice system-getty.slice.
[[0;32m  OK  [0m] Started Raise network interfaces.
[[0;32m  OK  [0m] Reached target Network.
         Starting Initial cloud-init job (metadata service crawler)...
[   17.080263] cloud-init[943]: Cloud-init v. 19.1-1-gbaa47854-0ubuntu1~16.04.1 running 'init' at Tue, 09 Jul 2019 00:04:42 +0000. Up 16.69 seconds.
[   17.133827] cloud-init[943]: ci-info: ++++++++++++++++++++++++++++++++++++++Net device info++++++++++++++++++++++++++++++++++++++
[[0;32m  OK  [0m] Started Initial cloud-init job (metadata service crawler).
[   17.137456] [cloud-init[0;32m  OK  [0m[943]: ] ci-info: +--------+------+----------------------------+---------------+--------+-------------------+Reached target Network is Online.

[   17.298224]          cloud-initStarting iSCSI initiator daemon (iscsid)...[943]: 
ci-info: | Device |  Up  |          Address           |      Mask     | Scope  |     Hw-Address    |
[   17.406852] [[0;32m  OK  [0m] Reached target System Initialization.
cloud-init[943]: ci-info: +--------+------+----------------------------+---------------+--------+-------------------+
[   17.510909]          cloud-initStarting LXD - unix socket.[943]: 
ci-info: | enp0s3 | True |         10.0.2.15          | 255.255.255.0 | global | 02:4c:fa:56:e0:e2 |
[   17.579262] [[0;32m  OK  [0m] Listening on UUID daemon activation socket.
[[0;32m  OK  [0m] Listening on D-Bus System Message Bus Socket.
cloud-init[943]: ci-info: | enp0s3 | True | fe80::4c:faff:fe56:e0e2/64 |       .       |  link  | 02:4c:fa:56:e0:e2 |
[   17.600729] [[0;32m  OK  [0m] Started Daily apt download activities.
[[0;32m  OK  [0m] Started Daily apt upgrade and clean activities.
         Starting Socket activation for snappy daemon.
[[0;32m  OK  [0m] Listening on ACPID Listen Socket.
cloud-init[943]: ci-info: |   lo   | True |         127.0.0.1          |   255.0.0.0   |  host  |         .         |
[   17.616305] [[0;32m  OK  [0m] Started Daily Cleanup of Temporary Directories.
[[0;32m  OK  [0m] Reached target Timers.
cloud-init[943]: ci-info: |   lo   | True |          ::1/128           |       .       |  host  |         .         |
[   17.628397] cloud-init[[0;32m  OK  [0m] Started ACPI Events Check.
[[0;32m  OK  [0m] Reached target Paths.
[[0;32m  OK  [0m] Reached target Cloud-config availability.
[943]: ci-info: +--------+------+----------------------------+---------------+--------+-------------------+
[[0;32m  OK  [0m] Listening on LXD - unix socket.
[[0;32m  OK  [0m] Listening on Socket activation for snappy daemon.
[   17.640102] cloud-init[943]: ci-info: +++++++++++++++++++++++++++Route IPv4 info++++++++++++++++++++++++++++
[   17.655015] [[0;32m  OK  [0m] Reached target Sockets.
[[0;32m  OK  [0m] Reached target Basic System.
cloud-init[943]: ci-info: +-------+-------------+----------+---------------+-----------+-------+
[   17.673348]          Starting Pollinate to seed the pseudo random number generator...
cloud-init[943]: ci-info: | Route | Destination | Gateway  |    Genmask    | Interface | Flags |
[   17.688818] cloud-init[943]: ci-info: +-------+-------------+----------+---------------+-----------+-------+
[[0;32m  OK  [0m] Started FUSE filesystem for LXC.
[   17.689646] cloud-init[943]: ci-info: |   0   |   0.0.0.0   | 10.0.2.2 |    0.0.0.0    |   enp0s3  |   UG  |
[   17.708844] cloud-init[943]: ci-info: |   1   |   10.0.2.0  | 0.0.0.0  | 255.255.255.0 |   enp0s3  |   U   |
[   17.718316]          Starting /etc/rc.local Compatibility...
         Starting LSB: MD monitoring daemon...
         Starting System Logging Service...
cloud-init[943]: ci-info: +-------+-------------+----------+---------------+-----------+-------+
         Starting LSB: Record successful boot for GRUB...
[   17.724944] cloud-init[943]: ci-info: +++++++++++++++++++Route IPv6 info+++++++++++++++++++
[   17.770214] cloud-init[[0;32m  OK  [0m] Started Regular background program processing daemon.
[943]: ci-info: +-------+-------------+---------+-----------+-------+
[   17.785501] cloud-init[943]: ci-info: | Route | Destination | Gateway | Interface | Flags |
[   17.800227]          cloud-initStarting Snappy daemon...[943]: 
ci-info: +-------+-------------+---------+-----------+-------+
[   17.807396] cloud-init[943]: ci-info: |   0   |  fe80::/64  |    ::   |   enp0s3  |   U   |
[   17.810183] cloud-init[943]: ci-info: |   3   |   ff00::/8  |    ::   |   enp0s3  |   U   |
[   17.816565] cloud-init[943]: ci-info: +-------+-------------+---------+-----------+-------+
         Starting Accounts Service...
[   17.821564] [[0;32m  OK  [0m] Started D-Bus System Message Bus.
cloud-init[943]: Generating public/private rsa key pair.
[   17.834490] cloud-init[943]: Your identification has been saved in /etc/ssh/ssh_host_rsa_key.
[   17.848330] cloud-init[943]: Your public key has been saved in /etc/ssh/ssh_host_rsa_key.pub.
[   17.852864] cloud-init[943]: The key fingerprint is:
[   17.858911] cloud-init[943]: SHA256:YfuXj6qydyz+W4zALN938YX0ZmcoLev/oyhfTeyskHI root@ubuntu-xenial
[   17.868184] [cloud-init[0;32m  OK  [0m[943]: ] The key's randomart image is:Started Deferred execution scheduler.

[   17.868820] cloud-init[943]: +---[RSA 2048]----+
[   17.972393]          cloud-initStarting Virtualbox guest utils...[943]: 
|                 |
[   17.988199]          cloud-initStarting Login Service...[943]: 
|                 |
[   17.996114] [[0;32m  OK  [0m] Started ACPI event daemon.
         Starting LXD - container startup/shutdown...
cloud-init[943]: |        o     .  |
[[0;32m  OK  [0m] Started System Logging Service.
[[0;32m  OK  [0m] Started Snappy daemon.
[[0;32m  OK  [0m] Started iSCSI initiator daemon (iscsid).
[[0;32m  OK  [0m] Started /etc/rc.local Compatibility.
[   17.998652] cloud-init[943]: |       + o   o.+ |
[   18.042748] cloud-init[943]: |      . S   o =oB|
[[0;32m  OK  [0m] Started LSB: MD monitoring daemon.
[   18.057175] [[0;32m  OK  [0m] Started LSB: Record successful boot for GRUB.
cloud-init[943]: |       o + o.==*o|
[   18.076311] cloud-init[943]: |        .o+EB..+.|
[   18.079230] cloud-init[943]: |      . o.==++.. |
[   18.081583] cloud-init[943]: |      .=o=*=o++.o|
         Starting Authenticate and Authorize Users to Run Privileged Tasks...
[   18.086452]          Starting Login to default iSCSI targets...
         Starting Wait until snapd is fully seeded...
[[0;32m  OK  [0m] Started LXD - container startup/shutdown.
[[0;32m  OK  [0m] Started Login Service.
cloud-init[943]: +----[SHA256]-----+
[   18.142014] [cloud-init[0;32m  OK  [0m[943]: ] Generating public/private dsa key pair.Started Unattended Upgrades Shutdown.

[   18.153601] [[0;32m  OK  [0m] Started Virtualbox guest utils.
cloud-init[943]: Your identification has been saved in /etc/ssh/ssh_host_dsa_key.
[   18.180429] [cloud-init[0;32m  OK  [0m[943]: ] Your public key has been saved in /etc/ssh/ssh_host_dsa_key.pub.Started Authenticate and Authorize Users to Run Privileged Tasks.

[[0;32m  OK  [0m] Started Login to default iSCSI targets.
[   18.181323] cloud-init[943]: The key fingerprint is:
[[0;32m  OK  [0m] Started Accounts Service.
[   18.221913] cloud-init[943]: SHA256:STKMjz1WhYgfXTVhYwC/PDKTKP4OfMPtZGmSIQOsCIY root@ubuntu-xenial
[[0;32m  OK  [0m] Reached target Remote File Systems (Pre).
[   18.282201] [[0;32m  OK  [0m] Reached target Remote File Systems.
cloud-init[943]: The key's randomart image is:
[   18.287540] cloud-init[943]: +---[DSA 1024]----+
[   18.289605] cloud-init[943]: |     . o.++oB.   |
[   18.291831] cloud-init[943]: |..  .oo oo o o   |
[   18.294189] cloud-init[943]: |E.o ..+.o .      |
         Starting LSB: daemon to balance interrupts for SMP systems...
         Starting LSB: Set the CPU Frequency Scaling governor to "ondemand"...
[   18.296506] cloud-init[943]:          Starting LSB: automatic crash report generation...
         Starting Permit User Sessions...
|+. . +.* + .     |
[   18.318014] [cloud-init[0;32m  OK  [0m[943]: ] |o   = B S +      |Started Permit User Sessions.

[[0;32m  OK  [0m] Started LSB: Set the CPU Frequency Scaling governor to "ondemand".
[   18.319915] cloud-init[943]: |   o * = = .     |
[   18.329271] cloud-init[943]: |    + * *        |
[   18.333856] cloud-init[943]: |     + B         |
[   18.335832] cloud-init[943]: |     .o .        |
[   18.339528]          Starting Hold until boot process finishes up...
cloud-init[943]: +----[SHA256]-----+
[   18.361788]          Starting Terminate Plymouth Boot Screen...
[[0;32m  OK  [0m] Started LSB: daemon to balance interrupts for SMP systems.
[[0;32m  OK  [0m] Started LSB: automatic crash report generation.
[[0;32m  OK  [0m] Started Hold until boot process finishes up.
cloud-init[943]: Generating public/private ecdsa key pair.
[   18.379056] [[0;32m  OK  [0m] Started Terminate Plymouth Boot Screen.
cloud-init[943]: Your identification has been saved in /etc/ssh/ssh_host_ecdsa_key.
[   18.383996] cloud-init[943]: Your public key has been saved in /etc/ssh/ssh_host_ecdsa_key.pub.
[   18.390129] cloud-init[943]: The key fingerprint is:
[   18.392609] cloud-init[943]: SHA256:X5WEY+TsKfbM7dsSseR+SsRsWBin74euBcK6hUnQvzs root@ubuntu-xenial
[   18.397782] cloud-init[943]: The key's randomart image is:
         Starting Set console scheme...
[   18.402602] [[0;32m  OK  [0m] Started Getty on tty1.
[[0;32m  OK  [0m] Started Serial Getty on ttyS0.
[[0;32m  OK  [0m] Reached target Login Prompts.
[[0;32m  OK  [0m] Started Set console scheme.
cloud-init[943]: +---[ECDSA 256]---+
[   18.413093] cloud-init[943]: |           .o.o  |
[   18.415274] cloud-init[943]: |       .   o+* . |
[   18.417378] cloud-init[943]: |      . .  .=.+  |
[   18.419264] cloud-init[943]: |       . o . Oo  |
[   18.421170] cloud-init[943]: |        S * *o*o |
[   18.423066] cloud-init[943]: |       . * O *+. |
[   18.426549] cloud-init[943]: |        + + +.*..|
[   18.430395] cloud-init[943]: |         oE. =oo.|
[   18.432483] cloud-init[943]: |        . ....==.|
[   18.434373] cloud-init[943]: +----[SHA256]-----+
[   18.445592] cloud-init[943]: Generating public/private ed25519 key pair.
[   18.459203] cloud-init[943]: Your identification has been saved in /etc/ssh/ssh_host_ed25519_key.
[   18.464944] cloud-init[943]: Your public key has been saved in /etc/ssh/ssh_host_ed25519_key.pub.
[   18.481580] cloud-init[943]: The key fingerprint is:
[   18.490702] cloud-init[943]: SHA256:/u4LWtcBPTpqDhCWWtehf1aRE/EqUyioAJk/+3xU88A root@ubuntu-xenial
[   18.493329] cloud-init[943]: The key's randomart image is:
[   18.495257] cloud-init[943]: +--[ED25519 256]--+
[   18.498169] cloud-init[943]: |.o      .   ++   |
[   18.499808] cloud-init[943]: |o.   . + . ooo   |
[   18.501364] cloud-init[943]: | .. = +.o o =..  |
[   18.502834] cloud-init[943]: |  o= + .E. = o   |
[   18.504315] cloud-init[943]: |  .oo  .S+B o    |
[   18.505939] cloud-init[943]: |  .  ... +.= .   |
[   18.507552] cloud-init[943]: |   o .. * . .    |
[   18.509553] cloud-init[943]: |    o .* +       |
[   18.511718] cloud-init[943]: |     .. .o=.     |
[   18.515004] cloud-init[943]: +----[SHA256]-----+
[[0;32m  OK  [0m] Started Pollinate to seed the pseudo random number generator.
         Starting OpenBSD Secure Shell server...
[[0;32m  OK  [0m] Started OpenBSD Secure Shell server.
[[0;32m  OK  [0m] Created slice User Slice of vagrant.
         Starting User Manager for UID 1000...
[[0;32m  OK  [0m] Started Session 1 of user vagrant.
[[0;32m  OK  [0m] Started User Manager for UID 1000.
         Stopping User Manager for UID 1000...
[[0;32m  OK  [0m] Stopped User Manager for UID 1000.
[[0;32m  OK  [0m] Removed slice User Slice of vagrant.
[[0;32m  OK  [0m] Created slice User Slice of vagrant.
         Starting User Manager for UID 1000...
[[0;32m  OK  [0m] Started User Manager for UID 1000.
[[0;32m  OK  [0m] Started Session 2 of user vagrant.
         Starting Hostname Service...
[[0;32m  OK  [0m] Started Hostname Service.
[[0;32m  OK  [0m] Stopped ifup for enp0s3.
[[0;32m  OK  [0m] Started ifup for enp0s3.
[[0;32m  OK  [0m] Started Wait until snapd is fully seeded.
[[0;32m  OK  [0m] Reached target Multi-User System.
[[0;32m  OK  [0m] Reached target Graphical Interface.
         Starting Update UTMP about System Runlevel Changes...
         Starting Apply the settings specified in cloud-config...
[[0;32m  OK  [0m] Started Update UTMP about System Runlevel Changes.
[   22.509547] cloud-init[1662]: Generating locales (this might take a while)...
[   23.120958] cloud-init[1662]:   en_US.UTF-8... done
[   23.133483] cloud-init[1662]: Generation complete.
[   23.334790] cloud-init[1662]: Cloud-init v. 19.1-1-gbaa47854-0ubuntu1~16.04.1 running 'modules:config' at Tue, 09 Jul 2019 00:04:47 +0000. Up 22.43 seconds.
[[0;32m  OK  [0m] Started Apply the settings specified in cloud-config.
ci-info: no authorized ssh keys fingerprints found for user ubuntu.
<14>Jul  9 00:04:49 ec2: 
<14>Jul  9 00:04:49 ec2: #############################################################
<14>Jul  9 00:04:49 ec2: -----BEGIN SSH HOST KEY FINGERPRINTS-----
<14>Jul  9 00:04:49 ec2: 1024 SHA256:STKMjz1WhYgfXTVhYwC/PDKTKP4OfMPtZGmSIQOsCIY root@ubuntu-xenial (DSA)
<14>Jul  9 00:04:49 ec2: 256 SHA256:X5WEY+TsKfbM7dsSseR+SsRsWBin74euBcK6hUnQvzs root@ubuntu-xenial (ECDSA)
<14>Jul  9 00:04:49 ec2: 256 SHA256:/u4LWtcBPTpqDhCWWtehf1aRE/EqUyioAJk/+3xU88A root@ubuntu-xenial (ED25519)
<14>Jul  9 00:04:49 ec2: 2048 SHA256:YfuXj6qydyz+W4zALN938YX0ZmcoLev/oyhfTeyskHI root@ubuntu-xenial (RSA)
<14>Jul  9 00:04:49 ec2: -----END SSH HOST KEY FINGERPRINTS-----
<14>Jul  9 00:04:49 ec2: #############################################################
-----BEGIN SSH HOST KEY KEYS-----
ecdsa-sha2-nistp256 AAAAE2VjZHNhLXNoYTItbmlzdHAyNTYAAAAIbmlzdHAyNTYAAABBBPvQX9kC9bmPgIysE3+MfcQLPcaY0P93xjc9/ND+/Z7+q8pCJHddk54iqcFUzCO7pUKAkLun2TmD8R1+4Cu5KfQ= root@ubuntu-xenial
ssh-ed25519 AAAAC3NzaC1lZDI1NTE5AAAAIOiQykks6JLSjeazJgOcuAc+5rA/nr/V4uenjftiH7+V root@ubuntu-xenial
ssh-rsa AAAAB3NzaC1yc2EAAAADAQABAAABAQC9jxmpJDWjmv6JntMbtPKbNPeUP3/247cxNcN0KMmLE21YKW18LTSA7eHlHqE4gqdBSCAr0hGNsm7f3YI2/rvSzcV+NSvWHwU+6zFI5N4XsoAN+oOJCLrRNJiwkRfQE+/SgcssuyDX/E7vMqJwbPNRXNhw/j/RulIHqOveVjeML6wEZrsgChc9AXchjR8LeMiV8STKJtLI16nN1nEnYvpIrWDwULEYhxUYEyR+R+IDcG/u5oU3Pc+8EPnePX8Q57OKzK6KgQz5se+0oUlhxJ18pcuMyWUiKOsS3+ULbuRYNUrIAz6J11X9+uT6gvoElcalWm32mfas7NjuK2Pqd+ZR root@ubuntu-xenial
-----END SSH HOST KEY KEYS-----
[   23.783277] cloud-init[1834]: Cloud-init v. 19.1-1-gbaa47854-0ubuntu1~16.04.1 running 'modules:final' at Tue, 09 Jul 2019 00:04:49 +0000. Up 23.69 seconds.
[   23.783429] cloud-init[1834]: ci-info: no authorized ssh keys fingerprints found for user ubuntu.
[   23.783509] cloud-init[1834]: Cloud-init v. 19.1-1-gbaa47854-0ubuntu1~16.04.1 finished at Tue, 09 Jul 2019 00:04:49 +0000. Datasource DataSourceNoCloud [seed=/dev/sdb][dsmode=net].  Up 23.77 seconds

Ubuntu 16.04.6 LTS 75-08-operating-systems ttyS0

75-08-operating-systems login: 